2025-07-13 09:35:57,347 [INFO] - Лог файлът се записва в: D:\MyPRJ\Python\NotLinearTime\Test_5\mcmc_analysis\results\mcmc_PLM_1752388557.log
2025-07-13 09:35:57,347 [INFO] - ======================================================
2025-07-13 09:35:57,348 [INFO] -             СТАРТИРАНЕ НА MCMC СИМУЛАЦИЯ
2025-07-13 09:35:57,348 [INFO] - ======================================================
2025-07-13 09:35:57,348 [INFO] - Модел: PLM
2025-07-13 09:35:57,348 [INFO] - Настройки: walkers=32, steps=5000, burnin=1000
2025-07-13 09:35:57,348 [INFO] - Използваме 16 ядра за паралелизация.
2025-07-13 09:35:57,348 [INFO] - Пълната Numba компилация за модела ще се случи по време на семплирането.
2025-07-13 09:35:57,349 [INFO] - Зареждане на Likelihood данни в основния процес...
2025-07-13 09:35:58,107 [INFO] - Likelihood данните са заредени успешно.
2025-07-13 09:35:58,182 [INFO] - Започване на нова симулация за 'PLM'.
2025-07-13 09:35:58,185 [DEBUG] - Creating converter from 5 to 3
2025-07-13 09:35:58,203 [DEBUG] - Creating converter from 3 to 5
2025-07-13 09:35:58,205 [INFO] - Стартиране на MCMC симулация за PLM модел...
2025-07-13 09:35:58,205 [INFO] - Ще бъдат изпълнени 5000 стъпки.
2025-07-13 09:49:55,719 [INFO] -   Прогрес: Стъпка 250/5000 | Приети: 31.49% | Средна log_prob: -3936288.13 ± 8305.40 | Време: 837.51s
2025-07-13 10:03:42,546 [INFO] -   Прогрес: Стъпка 500/5000 | Приети: 32.44% | Средна log_prob: -3498115.24 ± 19836.62 | Време: 1664.34s
2025-07-13 10:17:34,572 [INFO] -   Прогрес: Стъпка 750/5000 | Приети: 32.36% | Средна log_prob: -3139610.55 ± 1480.76 | Време: 2496.37s
2025-07-13 10:31:28,446 [INFO] -   Прогрес: Стъпка 1000/5000 | Приети: 32.59% | Средна log_prob: -3123522.94 ± 11.51 | Време: 3330.24s
2025-07-13 10:45:17,471 [INFO] -   Прогрес: Стъпка 1250/5000 | Приети: 32.90% | Средна log_prob: -3123516.73 ± 1.44 | Време: 4159.27s
2025-07-13 10:59:01,951 [INFO] -   Прогрес: Стъпка 1500/5000 | Приети: 32.20% | Средна log_prob: -3123514.52 ± 10.00 | Време: 4983.75s
2025-07-13 11:12:43,839 [INFO] -   Прогрес: Стъпка 1750/5000 | Приети: 31.60% | Средна log_prob: -3123511.71 ± 15.77 | Време: 5805.63s
2025-07-13 11:26:25,063 [INFO] -   Прогрес: Стъпка 2000/5000 | Приети: 30.74% | Средна log_prob: -3123506.37 ± 20.29 | Време: 6626.86s
2025-07-13 11:40:01,066 [INFO] -   Прогрес: Стъпка 2250/5000 | Приети: 29.80% | Средна log_prob: -3123493.77 ± 36.46 | Време: 7442.86s
2025-07-13 11:53:27,801 [INFO] -   Прогрес: Стъпка 2500/5000 | Приети: 28.91% | Средна log_prob: -3123470.92 ± 55.12 | Време: 8249.59s
2025-07-13 12:06:52,452 [INFO] -   Прогрес: Стъпка 2750/5000 | Приети: 28.26% | Средна log_prob: -3123460.10 ± 65.33 | Време: 9054.25s
2025-07-13 12:20:35,479 [INFO] -   Прогрес: Стъпка 3000/5000 | Приети: 27.65% | Средна log_prob: -3123447.49 ± 73.84 | Време: 9877.27s
2025-07-13 12:34:32,945 [INFO] -   Прогрес: Стъпка 3250/5000 | Приети: 27.10% | Средна log_prob: -3123439.49 ± 77.50 | Време: 10714.74s
2025-07-13 12:48:51,400 [INFO] -   Прогрес: Стъпка 3500/5000 | Приети: 26.71% | Средна log_prob: -3123432.13 ± 79.30 | Време: 11573.19s
2025-07-13 13:03:08,775 [INFO] -   Прогрес: Стъпка 3750/5000 | Приети: 26.23% | Средна log_prob: -3123432.40 ± 79.19 | Време: 12430.57s
